<?xml version="1.0" encoding="UTF-8"?>
<!-- Generated by org.testng.reporters.JUnitReportReporter -->
<testsuite skipped="0" hostname="CNTR0019" name="Test.MainPage_Test" tests="1" failures="0" timestamp="2023-03-08T08:27:41 EET" time="6.509" errors="0">
  <testcase name="Page_Test" time="6.509" classname="Test.MainPage_Test"/>
  <system-out/>
</testsuite> <!-- Test.MainPage_Test -->
